0 info it worked if it ends with ok
1 verbose cli [ '/usr/bin/node',
1 verbose cli   '/usr/bin/npm',
1 verbose cli   'install',
1 verbose cli   'node-caja-sanitizer',
1 verbose cli   '--install' ]
2 info using npm@1.4.28
3 info using node@v0.10.37
4 verbose node symlink /usr/bin/node
5 verbose readDependencies using package.json deps
6 verbose cache add [ 'node-caja-sanitizer', null ]
7 verbose cache add name=undefined spec="node-caja-sanitizer" args=["node-caja-sanitizer",null]
8 verbose parsed url { protocol: null,
8 verbose parsed url   slashes: null,
8 verbose parsed url   auth: null,
8 verbose parsed url   host: null,
8 verbose parsed url   port: null,
8 verbose parsed url   hostname: null,
8 verbose parsed url   hash: null,
8 verbose parsed url   search: null,
8 verbose parsed url   query: null,
8 verbose parsed url   pathname: 'node-caja-sanitizer',
8 verbose parsed url   path: 'node-caja-sanitizer',
8 verbose parsed url   href: 'node-caja-sanitizer' }
9 silly lockFile ff2688e7-node-caja-sanitizer node-caja-sanitizer
10 verbose lock node-caja-sanitizer /home/pg/.npm/ff2688e7-node-caja-sanitizer.lock
11 silly lockFile ff2688e7-node-caja-sanitizer node-caja-sanitizer
12 silly lockFile ff2688e7-node-caja-sanitizer node-caja-sanitizer
13 verbose addNamed [ 'node-caja-sanitizer', '' ]
14 verbose addNamed [ null, '*' ]
15 silly lockFile ec89ea47-node-caja-sanitizer node-caja-sanitizer@
16 verbose lock node-caja-sanitizer@ /home/pg/.npm/ec89ea47-node-caja-sanitizer.lock
17 silly addNameRange { name: 'node-caja-sanitizer', range: '*', hasData: false }
18 verbose request where is /node-caja-sanitizer
19 verbose request registry https://registry.npmjs.org/
20 verbose request id f8cf19869ce074d8
21 verbose url raw /node-caja-sanitizer
22 verbose url resolving [ 'https://registry.npmjs.org/', './node-caja-sanitizer' ]
23 verbose url resolved https://registry.npmjs.org/node-caja-sanitizer
24 verbose request where is https://registry.npmjs.org/node-caja-sanitizer
25 info trying registry request attempt 1 at 00:02:56
26 http GET https://registry.npmjs.org/node-caja-sanitizer
27 http 404 https://registry.npmjs.org/node-caja-sanitizer
28 verbose headers { date: 'Mon, 30 Mar 2015 23:03:00 GMT',
28 verbose headers   server: 'CouchDB/1.5.0 (Erlang OTP/R16B03)',
28 verbose headers   'content-type': 'application/json',
28 verbose headers   'cache-control': 'max-age=0',
28 verbose headers   'content-length': '51',
28 verbose headers   'accept-ranges': 'bytes',
28 verbose headers   via: '1.1 varnish',
28 verbose headers   age: '0',
28 verbose headers   'x-served-by': 'cache-lcy1126-LCY',
28 verbose headers   'x-cache': 'MISS',
28 verbose headers   'x-cache-hits': '0',
28 verbose headers   'x-timer': 'S1427756580.095012,VS0,VE658',
28 verbose headers   'keep-alive': 'timeout=10, max=50',
28 verbose headers   connection: 'Keep-Alive' }
29 silly registry.get cb [ 404,
29 silly registry.get   { date: 'Mon, 30 Mar 2015 23:03:00 GMT',
29 silly registry.get     server: 'CouchDB/1.5.0 (Erlang OTP/R16B03)',
29 silly registry.get     'content-type': 'application/json',
29 silly registry.get     'cache-control': 'max-age=0',
29 silly registry.get     'content-length': '51',
29 silly registry.get     'accept-ranges': 'bytes',
29 silly registry.get     via: '1.1 varnish',
29 silly registry.get     age: '0',
29 silly registry.get     'x-served-by': 'cache-lcy1126-LCY',
29 silly registry.get     'x-cache': 'MISS',
29 silly registry.get     'x-cache-hits': '0',
29 silly registry.get     'x-timer': 'S1427756580.095012,VS0,VE658',
29 silly registry.get     'keep-alive': 'timeout=10, max=50',
29 silly registry.get     connection: 'Keep-Alive' } ]
30 silly lockFile ec89ea47-node-caja-sanitizer node-caja-sanitizer@
31 silly lockFile ec89ea47-node-caja-sanitizer node-caja-sanitizer@
32 error 404 404 Not Found: node-caja-sanitizer
32 error 404
32 error 404 'node-caja-sanitizer' is not in the npm registry.
32 error 404 You should bug the author to publish it
32 error 404 It was specified as a dependency of 'wiki-contest'
32 error 404
32 error 404 Maybe try 'npm search caja sanitizer'
32 error 404
32 error 404 Note that you can also install from a
32 error 404 tarball, folder, or http url, or git url.
33 error System Linux 3.2.0-4-amd64
34 error command "/usr/bin/node" "/usr/bin/npm" "install" "node-caja-sanitizer" "--install"
35 error cwd /home/pg/wiki/wiki
36 error node -v v0.10.37
37 error npm -v 1.4.28
38 error code E404
39 verbose exit [ 1, true ]
